<?xml version="1.0" encoding="UTF-8"?>
<!-- Generated by org.testng.reporters.JUnitXMLReporter -->
<testsuite ignored="0" hostname="TYSS-Praveen" failures="0" tests="3" name="Command line test" time="0.039" errors="0" timestamp="2023-06-15T15:27:02 IST">
  <testcase classname="com.genericlibrary.Base_Test" name="@BeforeClass Browser_Setup" time="-1.686823022791E9">
    <failure type="org.testng.TestNGException" message="
Parameter &amp;apos;URL&amp;apos; is required by BeforeClass on method Browser_Setup but has not been marked @Optional or defined
">
      <![CDATA[org.testng.TestNGException: 
Parameter 'URL' is required by BeforeClass on method Browser_Setup but has not been marked @Optional or defined

at java.base/java.util.ArrayList.forEach(ArrayList.java:1511)
... Removed 32 stack frames]]>
    </failure>
  </testcase> <!-- @BeforeClass Browser_Setup -->
  <testcase classname="com.genericlibrary.Base_Test" name="@AfterClass Browser_Tear_Down" time="-1.686823022809E9">
    <skipped/>
  </testcase> <!-- @AfterClass Browser_Tear_Down -->
  <testcase classname="com.genericlibrary.Base_Test" name="@BeforeClass Browser_Setup" time="-1.686823022811E9">
    <failure type="org.testng.TestNGException" message="
Parameter &amp;apos;URL&amp;apos; is required by BeforeClass on method Browser_Setup but has not been marked @Optional or defined
">
      <![CDATA[org.testng.TestNGException: 
Parameter 'URL' is required by BeforeClass on method Browser_Setup but has not been marked @Optional or defined

at java.base/java.util.ArrayList.forEach(ArrayList.java:1511)
... Removed 32 stack frames]]>
    </failure>
  </testcase> <!-- @BeforeClass Browser_Setup -->
  <testcase classname="com.genericlibrary.Base_Test" name="@AfterClass Browser_Tear_Down" time="-1.686823022816E9">
    <skipped/>
  </testcase> <!-- @AfterClass Browser_Tear_Down -->
  <testcase classname="com.genericlibrary.Base_Test" name="@BeforeClass Browser_Setup" time="-1.686823022816E9">
    <failure type="org.testng.TestNGException" message="
Parameter &amp;apos;URL&amp;apos; is required by BeforeClass on method Browser_Setup but has not been marked @Optional or defined
">
      <![CDATA[org.testng.TestNGException: 
Parameter 'URL' is required by BeforeClass on method Browser_Setup but has not been marked @Optional or defined

at java.base/java.util.ArrayList.forEach(ArrayList.java:1511)
... Removed 32 stack frames]]>
    </failure>
  </testcase> <!-- @BeforeClass Browser_Setup -->
  <testcase classname="com.genericlibrary.Base_Test" name="@AfterClass Browser_Tear_Down" time="-1.686823022817E9">
    <skipped/>
  </testcase> <!-- @AfterClass Browser_Tear_Down -->
  <testcase classname="com.automationscripts.AddToCartTest" name="addToCartTest" time="0.0">
    <skipped/>
  </testcase> <!-- addToCartTest -->
  <testcase classname="com.automationscripts.LoginTest" name="loginTest" time="0.0">
    <skipped/>
  </testcase> <!-- loginTest -->
  <testcase classname="com.automationscripts.RegisterTest" name="registerTest" time="0.0">
    <skipped/>
  </testcase> <!-- registerTest -->
</testsuite> <!-- Command line test -->
